<?xml version="1.0" encoding="UTF-8"?>
<!-- Generated by org.testng.reporters.JUnitReportReporter -->
<testsuite skipped="0" hostname="DESKTOP-PLM8S5R" name="qaclickacad.RestapiTest" tests="2" failures="0" timestamp="2022-07-28T16:21:00 PDT" time="0.005" errors="0">
  <testcase name="hello" time="0.002" classname="qaclickacad.RestapiTest"/>
  <system-out/>
  <testcase name="Bye" time="0.003" classname="qaclickacad.RestapiTest"/>
  <system-out/>
</testsuite> <!-- qaclickacad.RestapiTest -->
