<?xml version="1.0" encoding="UTF-8"?>
<!-- Generated by org.testng.reporters.JUnitReportReporter -->
<testsuite skipped="0" hostname="DESKTOP-PLM8S5R" name="qaclickacad.AppiumTest" tests="2" failures="0" timestamp="2022-07-29T14:29:10 PDT" time="0.011" errors="0">
  <testcase name="Appiumdo" time="0.000" classname="qaclickacad.AppiumTest"/>
  <system-out/>
  <testcase name="AppiumFast" time="0.011" classname="qaclickacad.AppiumTest"/>
  <system-out/>
</testsuite> <!-- qaclickacad.AppiumTest -->
