<?xml version="1.0" encoding="UTF-8"?>
<!-- Generated by org.testng.reporters.JUnitReportReporter -->
<testsuite skipped="0" hostname="DESKTOP-PLM8S5R" name="qaclickacad.RestapiTest" tests="2" failures="0" timestamp="2022-07-29T13:51:40 PDT" time="0.001" errors="0">
  <testcase name="hello" time="0.000" classname="qaclickacad.RestapiTest"/>
  <system-out/>
  <testcase name="Bye" time="0.001" classname="qaclickacad.RestapiTest"/>
  <system-out/>
</testsuite> <!-- qaclickacad.RestapiTest -->
