<?xml version="1.0" encoding="UTF-8"?>
<!-- Generated by org.testng.reporters.JUnitReportReporter -->
<testsuite skipped="0" hostname="DESKTOP-PLM8S5R" name="qaclickacad.SeleniumTest" tests="1" failures="0" timestamp="2022-07-29T14:29:10 PDT" time="0.001" errors="0">
  <testcase name="Seleniumdo" time="0.001" classname="qaclickacad.SeleniumTest"/>
  <system-out/>
</testsuite> <!-- qaclickacad.SeleniumTest -->
